生成启动时间为 2016/1/12 13:03:11。
     1>项目“D:\Documents\kubler-encoder\kubler encoder final\kubler encoder final.vcxproj”在节点 2 上(Build 个目标)。
     1>ClCompile:
         D:\visual_studio_2013\VC\bin\CL.exe /c /ZI /nologo /W3 /WX- /sdl /Od /Oy- /D WIN32 /D _WINDOWS /D _DEBUG /D _UNICODE /D UNICODE /D _AFXDLL /Gm /EHsc /RTC1 /MDd /GS /fp:precise /Zc:wchar_t /Zc:forScope /Yc"stdafx.h" /Fp"Debug\kubler encoder final.pch" /Fo"Debug\\" /Fd"Debug\vc120.pdb" /Gd /TP /analyze- /errorReport:prompt stdafx.cpp
         stdafx.cpp
         D:\visual_studio_2013\VC\bin\CL.exe /c /ZI /nologo /W3 /WX- /sdl /Od /Oy- /D WIN32 /D _WINDOWS /D _DEBUG /D _UNICODE /D UNICODE /D _AFXDLL /Gm /EHsc /RTC1 /MDd /GS /fp:precise /Zc:wchar_t /Zc:forScope /Yu"stdafx.h" /Fp"Debug\kubler encoder final.pch" /Fo"Debug\\" /Fd"Debug\vc120.pdb" /Gd /TP /analyze- /errorReport:prompt "kubler encoder final.cpp" "kubler encoder finalDlg.cpp" mscomm1.cpp
         mscomm1.cpp
         kubler encoder finalDlg.cpp
     1>d:\documents\kubler-encoder\kubler encoder final\kubler encoder finaldlg.cpp(182): warning C4244: “初始化”: 从“wchar_t”转换到“char”，可能丢失数据
     1>d:\documents\kubler-encoder\kubler encoder final\kubler encoder finaldlg.cpp(190): warning C4244: “=”: 从“wchar_t”转换到“char”，可能丢失数据
     1>d:\documents\kubler-encoder\kubler encoder final\kubler encoder finaldlg.cpp(284): warning C4244: “=”: 从“double”转换到“float”，可能丢失数据
     1>d:\documents\kubler-encoder\kubler encoder final\kubler encoder finaldlg.cpp(313): warning C4244: “=”: 从“double”转换到“float”，可能丢失数据
         kubler encoder final.cpp
         正在生成代码...
       ResourceCompile:
         C:\Program Files (x86)\Windows Kits\8.1\bin\x86\rc.exe /D _DEBUG /D _UNICODE /D UNICODE /D _AFXDLL /l"0x0804" /IDebug\ /nologo /fo"Debug\kubler encoder final.res" "kubler encoder final.rc" 
       Link:
         D:\visual_studio_2013\VC\bin\link.exe /ERRORREPORT:PROMPT /OUT:"D:\Documents\kubler-encoder\Debug\kubler encoder final.exe" /INCREMENTAL /NOLOGO /MANIFEST /MANIFESTUAC:"level='asInvoker' uiAccess='false'" /manifest:embed /manifestinput:D:\visual_studio_2013\VC\Include\Manifest\dpiaware.manifest /DEBUG /PDB:"D:\Documents\kubler-encoder\Debug\kubler encoder final.pdb" /SUBSYSTEM:WINDOWS /TLBID:1 /ENTRY:"wWinMainCRTStartup" /DYNAMICBASE /NXCOMPAT /IMPLIB:"D:\Documents\kubler-encoder\Debug\kubler encoder final.lib" /MACHINE:X86 "Debug\kubler encoder final.res"
         "Debug\kubler encoder final.obj"
         "Debug\kubler encoder finalDlg.obj"
         Debug\mscomm1.obj
         Debug\stdafx.obj
         LINK : 没有找到 D:\Documents\kubler-encoder\Debug\kubler encoder final.exe 或上一个增量链接没有生成它；正在执行完全链接
         kubler encoder final.vcxproj -> D:\Documents\kubler-encoder\Debug\kubler encoder final.exe
     1>已完成生成项目“D:\Documents\kubler-encoder\kubler encoder final\kubler encoder final.vcxproj”(Build 个目标)的操作。

生成成功。

已用时间 00:00:09.21
